<?xml version="1.0" encoding="UTF-8"?>
<testng-results skipped="0" failed="0" ignored="0" total="1" passed="1">
  <reporter-output>
  </reporter-output>
  <suite name="Default suite" duration-ms="28" started-at="2018-02-08T00:49:56Z" finished-at="2018-02-08T00:49:56Z">
    <groups>
    </groups>
    <test name="Default test" duration-ms="28" started-at="2018-02-08T00:49:56Z" finished-at="2018-02-08T00:49:56Z">
      <class name="testngpack.Annot2">
        <test-method status="PASS" signature="installSoftware()[pri:0, instance:testngpack.Annot2@5419f379]" name="installSoftware" is-config="true" duration-ms="14" started-at="2018-02-07T19:49:56Z" finished-at="2018-02-07T19:49:56Z">
          <reporter-output>
          </reporter-output>
        </test-method> <!-- installSoftware -->
        <test-method status="PASS" signature="runTest()[pri:0, instance:testngpack.Annot2@5419f379]" name="runTest" duration-ms="5" started-at="2018-02-07T19:49:56Z" finished-at="2018-02-07T19:49:56Z">
          <reporter-output>
          </reporter-output>
        </test-method> <!-- runTest -->
        <test-method status="PASS" signature="deinstallSoftware()[pri:0, instance:testngpack.Annot2@5419f379]" name="deinstallSoftware" is-config="true" duration-ms="2" started-at="2018-02-07T19:50:02Z" finished-at="2018-02-07T19:50:02Z">
          <reporter-output>
          </reporter-output>
        </test-method> <!-- deinstallSoftware -->
      </class> <!-- testngpack.Annot2 -->
    </test> <!-- Default test -->
  </suite> <!-- Default suite -->
</testng-results>
