<?xml version="1.0" encoding="UTF-8"?>
<!-- Generated by org.testng.reporters.JUnitXMLReporter -->
<testsuite hostname="USGPSNYCM212936.local" ignored="0" name="Smoke TestCases" tests="3" failures="0" timestamp="08 Feb 2018 01:05:01 GMT" time="0.046" errors="0">
  <testcase name="runTest" time="0.006" classname="testngpack.Annot2"/>
  <testcase name="ClosingBrowser" time="0.002" classname="testngpack.annotations"/>
  <testcase name="OpeningBrowser" time="0.002" classname="testngpack.annotations"/>
</testsuite> <!-- Smoke TestCases -->
